---
driver=<class 'textual.drivers.linux_driver.LinuxDriver'>
Mount() >>> CalculatorApp(title='Calculator Test')
Mount() >>> DockView(name='DockView#1')
Mount() >>> Calculator(name='Calculator#1')
Mount() >>> Calculator(name='Calculator#1')
set_focus Button(name='1')
MouseDown(x=12, y=1, screen_x=13, screen_y=17, button=1) >>> Button(name='1')
MouseUp(x=12, y=1, screen_x=13, screen_y=17, button=1) >>> Button(name='1')
Click(x=12, y=1, screen_x=13, screen_y=17, button=1) >>> Button(name='1')
ButtonPressed(Button(name='1')) >>> Calculator(name='Calculator#1')
set_focus Button(name='2')
MouseDown(x=8, y=2, screen_x=30, screen_y=18, button=1) >>> Button(name='2')
MouseUp(x=8, y=2, screen_x=30, screen_y=18, button=1) >>> Button(name='2')
Click(x=8, y=2, screen_x=30, screen_y=18, button=1) >>> Button(name='2')
ButtonPressed(Button(name='2')) >>> Calculator(name='Calculator#1')
set_focus Button(name='X')
MouseDown(x=16, y=1, screen_x=82, screen_y=9, button=1) >>> Button(name='X')
MouseUp(x=16, y=1, screen_x=82, screen_y=9, button=1) >>> Button(name='X')
Click(x=16, y=1, screen_x=82, screen_y=9, button=1) >>> Button(name='X')
ButtonPressed(Button(name='X')) >>> Calculator(name='Calculator#1')
0 + 12
= 12
set_focus Button(name='4')
MouseDown(x=12, y=1, screen_x=13, screen_y=13, button=1) >>> Button(name='4')
MouseUp(x=12, y=1, screen_x=13, screen_y=13, button=1) >>> Button(name='4')
Click(x=12, y=1, screen_x=13, screen_y=13, button=1) >>> Button(name='4')
ButtonPressed(Button(name='4')) >>> Calculator(name='Calculator#1')
set_focus Button(name='=')
MouseDown(x=3, y=1, screen_x=69, screen_y=21, button=1) >>> Button(name='=')
MouseUp(x=3, y=1, screen_x=69, screen_y=21, button=1) >>> Button(name='=')
Click(x=3, y=1, screen_x=69, screen_y=21, button=1) >>> Button(name='=')
ButtonPressed(Button(name='=')) >>> Calculator(name='Calculator#1')
12 X 4
= 48
set_focus Button(name='9')
MouseDown(x=9, y=2, screen_x=53, screen_y=10, button=1) >>> Button(name='9')
MouseUp(x=9, y=2, screen_x=53, screen_y=10, button=1) >>> Button(name='9')
Click(x=9, y=2, screen_x=53, screen_y=10, button=1) >>> Button(name='9')
ButtonPressed(Button(name='9')) >>> Calculator(name='Calculator#1')
set_focus Button(name='+')
MouseDown(x=10, y=2, screen_x=76, screen_y=18, button=1) >>> Button(name='+')
MouseUp(x=10, y=2, screen_x=76, screen_y=18, button=1) >>> Button(name='+')
Click(x=10, y=2, screen_x=76, screen_y=18, button=1) >>> Button(name='+')
ButtonPressed(Button(name='+')) >>> Calculator(name='Calculator#1')
48 X 9
= 432
set_focus Button(name='3')
MouseDown(x=8, y=1, screen_x=52, screen_y=17, button=1) >>> Button(name='3')
MouseUp(x=8, y=1, screen_x=52, screen_y=17, button=1) >>> Button(name='3')
Click(x=8, y=1, screen_x=52, screen_y=17, button=1) >>> Button(name='3')
ButtonPressed(Button(name='3')) >>> Calculator(name='Calculator#1')
set_focus Button(name='=')
MouseDown(x=10, y=1, screen_x=76, screen_y=21, button=1) >>> Button(name='=')
MouseUp(x=10, y=1, screen_x=76, screen_y=21, button=1) >>> Button(name='=')
Click(x=10, y=1, screen_x=76, screen_y=21, button=1) >>> Button(name='=')
ButtonPressed(Button(name='=')) >>> Calculator(name='Calculator#1')
432 + 3
= 435
set_focus Button(name='C')
MouseDown(x=12, y=1, screen_x=13, screen_y=5, button=1) >>> Button(name='C')
MouseUp(x=12, y=1, screen_x=13, screen_y=5, button=1) >>> Button(name='C')
Click(x=12, y=1, screen_x=13, screen_y=5, button=1) >>> Button(name='C')
ButtonPressed(Button(name='C')) >>> Calculator(name='Calculator#1')
set_focus Button(name='AC')
MouseDown(x=12, y=1, screen_x=13, screen_y=5, button=1) >>> Button(name='AC')
MouseUp(x=12, y=1, screen_x=13, screen_y=5, button=1) >>> Button(name='AC')
Click(x=12, y=1, screen_x=13, screen_y=5, button=1) >>> Button(name='AC')
ButtonPressed(Button(name='AC')) >>> Calculator(name='Calculator#1')
set_focus Button(name='9')
MouseDown(x=11, y=1, screen_x=55, screen_y=9, button=1) >>> Button(name='9')
MouseUp(x=11, y=1, screen_x=55, screen_y=9, button=1) >>> Button(name='9')
Click(x=11, y=1, screen_x=55, screen_y=9, button=1) >>> Button(name='9')
ButtonPressed(Button(name='9')) >>> Calculator(name='Calculator#1')
set_focus Button(name='+')
MouseDown(x=10, y=1, screen_x=76, screen_y=17, button=1) >>> Button(name='+')
MouseUp(x=10, y=1, screen_x=76, screen_y=17, button=1) >>> Button(name='+')
Click(x=10, y=1, screen_x=76, screen_y=17, button=1) >>> Button(name='+')
ButtonPressed(Button(name='+')) >>> Calculator(name='Calculator#1')
0 + 9
= 9
set_focus Button(name='3')
MouseDown(x=12, y=0, screen_x=56, screen_y=16, button=1) >>> Button(name='3')
MouseUp(x=12, y=0, screen_x=56, screen_y=16, button=1) >>> Button(name='3')
Click(x=12, y=0, screen_x=56, screen_y=16, button=1) >>> Button(name='3')
ButtonPressed(Button(name='3')) >>> Calculator(name='Calculator#1')
set_focus Button(name='=')
MouseDown(x=10, y=1, screen_x=76, screen_y=21, button=1) >>> Button(name='=')
MouseUp(x=10, y=1, screen_x=76, screen_y=21, button=1) >>> Button(name='=')
Click(x=10, y=1, screen_x=76, screen_y=21, button=1) >>> Button(name='=')
ButtonPressed(Button(name='=')) >>> Calculator(name='Calculator#1')
9 + 3
= 12
Key(key='ctrl+c') >>> CalculatorApp(title='Calculator Test')
ACTION CalculatorApp(title='Calculator Test') quit
CLOSED CalculatorApp(title='Calculator Test')
PROCESS END
